vacuous all
opinion_theta_given_y
(0.105,0.79,0.105)      (0.105,0.79,0.105)
opinion_theta_given_not_y
(0,0,1) (0,0,1)

y_batch_single_opinion (0.0,0.0,1.0)

opinion_theta_y
(0.053,0.395,0.553)     (0.053,0.395,0.553)

opinion_theta
(0.034,0.254,0.712)     (0.034,0.254,0.712)
-------
(0.034,0.254,0.712)     (0.034,0.254,0.712)

weight after 
0.059,0.254,0.687)     (0.059,0.254,0.687)
-------
(0.059,0.254,0.687)     (0.059,0.254,0.687)



Trust all 

opinion_theta_given_y
(0.105,0.79,0.105)      (0.105,0.79,0.105)
opinion_theta_given_not_y
(0,0,1) (0,0,1)

y_batch_single_opinion (1.0,0.0,0.0)




opinion_theta_y
(0.105,0.79,0.105)      (0.105,0.79,0.105)




opinion_theta
(0.095,0.714,0.191)     (0.095,0.714,0.191)
-------
(0.095,0.714,0.191)     (0.095,0.714,0.191)
after 
(0.112,0.714,0.174)     (0.112,0.714,0.174)
-------
(0.112,0.714,0.174)     (0.112,0.714,0.174)